http://mgc.mine.nu:81/movie/ibbybekir/ibbybekirpass/28796.mkv|pattaya wonderland																						
http://mgc.mine.nu:81/movie/ibbybekir/ibbybekirpass/28799.mkv|rawang                                                                                                
http://mgc.mine.nu:81/movie/ibbybekir/ibbybekirpass/28785.mkv|Colosseum                                                                                             
http://mgc.mine.nu:81/movie/ibbybekir/ibbybekirpass/34091.mkv|Live Aid part 1                                                                                       
http://mgc.mine.nu:81/movie/ibbybekir/ibbybekirpass/34092.mkv|Live Aid part 2                                                                                       
http://mgc.mine.nu:81/movie/ibbybekir/ibbybekirpass/34093.mkv|Live Aid part 3                                                                                       
http://mgc.mine.nu:81/movie/ibbybekir/ibbybekirpass/34094.mkv|Live Aid part 4                                                                                       
http://mgc.mine.nu:81/movie/ibbybekir/ibbybekirpass/33822.mkv|Meat Loaf: Three Bats Live                                                                            
http://mgc.mine.nu:81/movie/ibbybekir/ibbybekirpass/29791.mkv|Nana                                                                                                  
http://mgc.mine.nu:81/movie/ibbybekir/ibbybekirpass/33919.mkv|One Love Manchester                                                                                   
http://mgc.mine.nu:81/movie/ibbybekir/ibbybekirpass/28500.mkv|10 Cloverfield Lane (2016)                                                                            
http://mgc.mine.nu:81/movie/ibbybekir/ibbybekirpass/27795.mkv|10 Things I Hate About You (1999)                                                                     
http://mgc.mine.nu:81/movie/ibbybekir/ibbybekirpass/27108.mkv|101 Dalmatians  (1996)                                                                                
http://mgc.mine.nu:81/movie/ibbybekir/ibbybekirpass/28265.mkv|12 Angry Men (1957)                                                                                   
http://mgc.mine.nu:81/movie/ibbybekir/ibbybekirpass/27768.mkv|12 Years A Slave  (2013)                                                                              
http://mgc.mine.nu:81/movie/ibbybekir/ibbybekirpass/27418.mkv|13 Assassins  (2010)                                                                                  
http://mgc.mine.nu:81/movie/ibbybekir/ibbybekirpass/27752.mkv|1408 (2007)                                                                                           
http://mgc.mine.nu:81/movie/ibbybekir/ibbybekirpass/27997.mkv|2 States (2014)                                                                                       
http://mgc.mine.nu:81/movie/ibbybekir/ibbybekirpass/27788.mkv|2001 A Space Odyssey (1968)                                                                           
http://mgc.mine.nu:81/movie/ibbybekir/ibbybekirpass/27753.mkv|2012 (2009)                                                                                           
http://mgc.mine.nu:81/movie/ibbybekir/ibbybekirpass/28312.mkv|3 Holes And a Smoking Gun (2014)                                                                      
http://mgc.mine.nu:81/movie/ibbybekir/ibbybekirpass/28188.mkv|3 Nights In The Desert (2015)                                                                         
http://mgc.mine.nu:81/movie/ibbybekir/ibbybekirpass/28586.mkv|30 Days Of Night 2Dark Days (2010)                                                                   
http://mgc.mine.nu:81/movie/ibbybekir/ibbybekirpass/28661.mkv|30 Days of Night  (2007)                                                                              
http://mgc.mine.nu:81/movie/ibbybekir/ibbybekirpass/27528.mkv|300  (2007)                                                                                           
http://mgc.mine.nu:81/movie/ibbybekir/ibbybekirpass/27627.mkv|310 To Yuma  (2007)                                                                                   
http://mgc.mine.nu:81/movie/ibbybekir/ibbybekirpass/28394.mkv|4th Man Out  (2016)                                                                                   
http://mgc.mine.nu:81/movie/ibbybekir/ibbybekirpass/27990.mkv|7 Khoon Maaf  (2011)                        